e:\fosi_stuff\usb\xmos_firmware_update\fosi update\fosi update\x64\debug\fosi update.pch
e:\fosi_stuff\usb\xmos_firmware_update\fosi update\fosi update\x64\debug\vc143.pdb
e:\fosi_stuff\usb\xmos_firmware_update\fosi update\fosi update\x64\debug\vc143.idb
e:\fosi_stuff\usb\xmos_firmware_update\fosi update\fosi update\x64\debug\pch.obj
e:\fosi_stuff\usb\xmos_firmware_update\fosi update\fosi update\x64\debug\fosi updatedlg.obj
e:\fosi_stuff\usb\xmos_firmware_update\fosi update\fosi update\x64\debug\fosi update.obj
e:\fosi_stuff\usb\xmos_firmware_update\fosi update\x64\debug\fosi update.exe
e:\fosi_stuff\usb\xmos_firmware_update\fosi update\x64\debug\fosi update.pdb
e:\fosi_stuff\usb\xmos_firmware_update\fosi update\fosi update\x64\debug\fosiupdate.res
e:\fosi_stuff\usb\xmos_firmware_update\fosi update\fosi update\x64\debug\fosi update.ilk
e:\fosi_stuff\usb\xmos_firmware_update\fosi update\fosi update\x64\debug\fosi update.tlog\cl.command.1.tlog
e:\fosi_stuff\usb\xmos_firmware_update\fosi update\fosi update\x64\debug\fosi update.tlog\cl.items.tlog
e:\fosi_stuff\usb\xmos_firmware_update\fosi update\fosi update\x64\debug\fosi update.tlog\cl.read.1.tlog
e:\fosi_stuff\usb\xmos_firmware_update\fosi update\fosi update\x64\debug\fosi update.tlog\cl.write.1.tlog
e:\fosi_stuff\usb\xmos_firmware_update\fosi update\fosi update\x64\debug\fosi update.tlog\link.command.1.tlog
e:\fosi_stuff\usb\xmos_firmware_update\fosi update\fosi update\x64\debug\fosi update.tlog\link.read.1.tlog
e:\fosi_stuff\usb\xmos_firmware_update\fosi update\fosi update\x64\debug\fosi update.tlog\link.secondary.1.tlog
e:\fosi_stuff\usb\xmos_firmware_update\fosi update\fosi update\x64\debug\fosi update.tlog\link.write.1.tlog
e:\fosi_stuff\usb\xmos_firmware_update\fosi update\fosi update\x64\debug\fosi update.tlog\rc.command.1.tlog
e:\fosi_stuff\usb\xmos_firmware_update\fosi update\fosi update\x64\debug\fosi update.tlog\rc.read.1.tlog
e:\fosi_stuff\usb\xmos_firmware_update\fosi update\fosi update\x64\debug\fosi update.tlog\rc.write.1.tlog
